<?xml version="1.0" encoding="UTF-8"?>
<!-- Generated by org.testng.reporters.JUnitXMLReporter -->
<testsuite ignored="0" hostname="DESKTOP-FUKREEK" failures="0" tests="10" name="Test" time="81.24" errors="0" timestamp="2022-05-23T11:29:44 IST">
  <testcase classname="Hybrid.logincrm" name="loginApp" time="4.613"/>
  <testcase classname="Hybrid.logincrm" name="signupapp" time="7.598"/>
  <testcase classname="Hybrid.logincrm" name="searchupapp" time="10.352"/>
  <testcase classname="Hybrid.logincrm" name="Bedapp" time="9.062"/>
  <testcase classname="Hybrid.logincrm" name="Bedappcart" time="5.452"/>
  <testcase classname="Hybrid.logincrm" name="assertions" time="3.04"/>
  <testcase classname="Hybrid.logincrm" name="tvappcart" time="2.663"/>
  <testcase classname="Hybrid.logincrm" name="studyapp" time="15.727"/>
  <testcase classname="Hybrid.logincrm" name="aboutapp" time="0.557"/>
  <testcase classname="Hybrid.logincrm" name="infoapp" time="0.577"/>
</testsuite> <!-- Test -->
