<?xml version="1.0" encoding="UTF-8"?>
<!-- Generated by org.testng.reporters.JUnitXMLReporter -->
<testsuite hostname="LAPTOP-468AMR1I" ignored="0" name="Default test" tests="10" failures="0" timestamp="2022-05-18T22:38:05 IST" time="58.41" errors="0">
  <testcase name="loginApp" time="6.287" classname="Hybrid.logincrm"/>
  <testcase name="signupapp" time="7.722" classname="Hybrid.logincrm"/>
  <testcase name="searchupapp" time="8.922" classname="Hybrid.logincrm"/>
  <testcase name="Bedapp" time="9.348" classname="Hybrid.logincrm"/>
  <testcase name="Bedappcart" time="4.652" classname="Hybrid.logincrm"/>
  <testcase name="assertions" time="3.405" classname="Hybrid.logincrm"/>
  <testcase name="tvappcart" time="2.606" classname="Hybrid.logincrm"/>
  <testcase name="studyapp" time="4.148" classname="Hybrid.logincrm"/>
  <testcase name="aboutapp" time="0.917" classname="Hybrid.logincrm"/>
  <testcase name="infoapp" time="0.738" classname="Hybrid.logincrm"/>
</testsuite> <!-- Default test -->
